  [1m[35m (18.2ms)[0m  [1m[35mCREATE TABLE `schema_migrations` (`version` varchar(255) NOT NULL PRIMARY KEY)[0m
  [1m[35m (13.1ms)[0m  [1m[35mCREATE TABLE `ar_internal_metadata` (`key` varchar(255) NOT NULL PRIMARY KEY, `value` varchar(255), `created_at` datetime(6) NOT NULL, `updated_at` datetime(6) NOT NULL)[0m
  [1m[35m (0.1ms)[0m  [1m[34mSELECT GET_LOCK('6269247306950290740', 0)[0m
  [1m[35m (0.4ms)[0m  [1m[34mSELECT `schema_migrations`.`version` FROM `schema_migrations` ORDER BY `schema_migrations`.`version` ASC[0m
Migrating to CreateGenders (20210701164258)
  [1m[35m (14.4ms)[0m  [1m[35mCREATE TABLE `genders` (`id` bigint NOT NULL AUTO_INCREMENT PRIMARY KEY, `gender` varchar(255), `created_at` datetime(6) NOT NULL, `updated_at` datetime(6) NOT NULL)[0m
  [1m[35m (0.1ms)[0m  [1m[35mBEGIN[0m
  [1m[36mActiveRecord::SchemaMigration Create (0.1ms)[0m  [1m[32mINSERT INTO `schema_migrations` (`version`) VALUES ('20210701164258')[0m
  [1m[35m (2.3ms)[0m  [1m[35mCOMMIT[0m
Migrating to CreateLocations (20210701164540)
  [1m[35m (12.9ms)[0m  [1m[35mCREATE TABLE `locations` (`id` bigint NOT NULL AUTO_INCREMENT PRIMARY KEY, `location` varchar(255), `created_at` datetime(6) NOT NULL, `updated_at` datetime(6) NOT NULL)[0m
  [1m[35m (0.1ms)[0m  [1m[35mBEGIN[0m
  [1m[36mActiveRecord::SchemaMigration Create (0.2ms)[0m  [1m[32mINSERT INTO `schema_migrations` (`version`) VALUES ('20210701164540')[0m
  [1m[35m (2.2ms)[0m  [1m[35mCOMMIT[0m
Migrating to CreateCities (20210701164736)
  [1m[35m (11.7ms)[0m  [1m[35mCREATE TABLE `cities` (`id` bigint NOT NULL AUTO_INCREMENT PRIMARY KEY, `city` varchar(255), `created_at` datetime(6) NOT NULL, `updated_at` datetime(6) NOT NULL)[0m
  [1m[35m (0.1ms)[0m  [1m[35mBEGIN[0m
  [1m[36mActiveRecord::SchemaMigration Create (0.2ms)[0m  [1m[32mINSERT INTO `schema_migrations` (`version`) VALUES ('20210701164736')[0m
  [1m[35m (1.9ms)[0m  [1m[35mCOMMIT[0m
Migrating to CreateDepartments (20210701165013)
  [1m[35m (15.0ms)[0m  [1m[35mCREATE TABLE `departments` (`id` bigint NOT NULL AUTO_INCREMENT PRIMARY KEY, `department` varchar(255), `city_id` bigint NOT NULL, `created_at` datetime(6) NOT NULL, `updated_at` datetime(6) NOT NULL,  INDEX `index_departments_on_city_id`  (`city_id`), CONSTRAINT `fk_rails_ac0c831fa9`
FOREIGN KEY (`city_id`)
  REFERENCES `cities` (`id`)
)[0m
  [1m[35m (0.1ms)[0m  [1m[35mBEGIN[0m
  [1m[36mActiveRecord::SchemaMigration Create (0.2ms)[0m  [1m[32mINSERT INTO `schema_migrations` (`version`) VALUES ('20210701165013')[0m
  [1m[35m (3.3ms)[0m  [1m[35mCOMMIT[0m
  [1m[36mActiveRecord::InternalMetadata Load (0.4ms)[0m  [1m[34mSELECT `ar_internal_metadata`.* FROM `ar_internal_metadata` WHERE `ar_internal_metadata`.`key` = 'environment' LIMIT 1[0m
  [1m[35m (0.1ms)[0m  [1m[35mBEGIN[0m
  [1m[36mActiveRecord::InternalMetadata Create (0.1ms)[0m  [1m[32mINSERT INTO `ar_internal_metadata` (`key`, `value`, `created_at`, `updated_at`) VALUES ('environment', 'development', '2021-07-13 11:20:04.668656', '2021-07-13 11:20:04.668656')[0m
  [1m[35m (2.0ms)[0m  [1m[35mCOMMIT[0m
  [1m[35m (0.5ms)[0m  [1m[34mSELECT RELEASE_LOCK('6269247306950290740')[0m
  [1m[35m (0.2ms)[0m  [1m[34mSELECT `schema_migrations`.`version` FROM `schema_migrations` ORDER BY `schema_migrations`.`version` ASC[0m
  [1m[35m (0.1ms)[0m  [1m[34mSELECT GET_LOCK('6269247306950290740', 0)[0m
  [1m[35m (0.2ms)[0m  [1m[34mSELECT `schema_migrations`.`version` FROM `schema_migrations` ORDER BY `schema_migrations`.`version` ASC[0m
  [1m[36mActiveRecord::InternalMetadata Load (0.1ms)[0m  [1m[34mSELECT `ar_internal_metadata`.* FROM `ar_internal_metadata` WHERE `ar_internal_metadata`.`key` = 'environment' LIMIT 1[0m
  [1m[35m (0.3ms)[0m  [1m[34mSELECT RELEASE_LOCK('6269247306950290740')[0m
  [1m[35m (0.1ms)[0m  [1m[34mSELECT `schema_migrations`.`version` FROM `schema_migrations` ORDER BY `schema_migrations`.`version` ASC[0m
  [1m[35m (0.1ms)[0m  [1m[34mSELECT GET_LOCK('6269247306950290740', 0)[0m
  [1m[35m (0.2ms)[0m  [1m[34mSELECT `schema_migrations`.`version` FROM `schema_migrations` ORDER BY `schema_migrations`.`version` ASC[0m
Migrating to CreateContacts (20210713173409)
  [1m[35m (14.8ms)[0m  [1m[35mCREATE TABLE `contacts` (`id` bigint NOT NULL AUTO_INCREMENT PRIMARY KEY, `name` varchar(255), `direccion` varchar(255), `edificio` varchar(255), `ciudad` varchar(255), `telefono` varchar(255), `email` varchar(255), `created_at` datetime(6) NOT NULL, `updated_at` datetime(6) NOT NULL)[0m
  [1m[35m (0.1ms)[0m  [1m[35mBEGIN[0m
  [1m[36mActiveRecord::SchemaMigration Create (0.3ms)[0m  [1m[32mINSERT INTO `schema_migrations` (`version`) VALUES ('20210713173409')[0m
  [1m[35m (2.3ms)[0m  [1m[35mCOMMIT[0m
Migrating to CreateHomeBanners (20210713173454)
  [1m[35m (0.3ms)[0m  [1m[34mSELECT RELEASE_LOCK('6269247306950290740')[0m
  [1m[35m (0.1ms)[0m  [1m[34mSELECT GET_LOCK('6269247306950290740', 0)[0m
  [1m[35m (0.2ms)[0m  [1m[34mSELECT `schema_migrations`.`version` FROM `schema_migrations` ORDER BY `schema_migrations`.`version` ASC[0m
Migrating to CreateHomeBanners (20210713173454)
  [1m[35m (0.1ms)[0m  [1m[34mSELECT RELEASE_LOCK('6269247306950290740')[0m
  [1m[35m (0.1ms)[0m  [1m[34mSELECT GET_LOCK('6269247306950290740', 0)[0m
  [1m[35m (0.2ms)[0m  [1m[34mSELECT `schema_migrations`.`version` FROM `schema_migrations` ORDER BY `schema_migrations`.`version` ASC[0m
Migrating to CreateHomeBanners (20210713173454)
  [1m[35m (12.2ms)[0m  [1m[35mCREATE TABLE `home_banners` (`id` bigint NOT NULL AUTO_INCREMENT PRIMARY KEY, `image` varchar(255), `order` int, `created_at` datetime(6) NOT NULL, `updated_at` datetime(6) NOT NULL)[0m
  [1m[35m (0.1ms)[0m  [1m[35mBEGIN[0m
  [1m[36mActiveRecord::SchemaMigration Create (0.3ms)[0m  [1m[32mINSERT INTO `schema_migrations` (`version`) VALUES ('20210713173454')[0m
  [1m[35m (4.3ms)[0m  [1m[35mCOMMIT[0m
Migrating to CreateMenus (20210713173843)
  [1m[35m (11.6ms)[0m  [1m[35mCREATE TABLE `menus` (`id` bigint NOT NULL AUTO_INCREMENT PRIMARY KEY, `name1` varchar(255), `name2` varchar(255), `name3` varchar(255), `name4` varchar(255), `created_at` datetime(6) NOT NULL, `updated_at` datetime(6) NOT NULL)[0m
  [1m[35m (0.1ms)[0m  [1m[35mBEGIN[0m
  [1m[36mActiveRecord::SchemaMigration Create (0.1ms)[0m  [1m[32mINSERT INTO `schema_migrations` (`version`) VALUES ('20210713173843')[0m
  [1m[35m (1.6ms)[0m  [1m[35mCOMMIT[0m
Migrating to CreateMenuContents (20210713173936)
  [1m[35m (14.1ms)[0m  [1m[35mCREATE TABLE `menu_contents` (`id` bigint NOT NULL AUTO_INCREMENT PRIMARY KEY, `texto` text, `image` varchar(255), `created_at` datetime(6) NOT NULL, `updated_at` datetime(6) NOT NULL)[0m
  [1m[35m (0.2ms)[0m  [1m[35mBEGIN[0m
  [1m[36mActiveRecord::SchemaMigration Create (0.2ms)[0m  [1m[32mINSERT INTO `schema_migrations` (`version`) VALUES ('20210713173936')[0m
  [1m[35m (2.1ms)[0m  [1m[35mCOMMIT[0m
  [1m[36mActiveRecord::InternalMetadata Load (0.2ms)[0m  [1m[34mSELECT `ar_internal_metadata`.* FROM `ar_internal_metadata` WHERE `ar_internal_metadata`.`key` = 'environment' LIMIT 1[0m
  [1m[35m (0.1ms)[0m  [1m[34mSELECT RELEASE_LOCK('6269247306950290740')[0m
  [1m[35m (0.2ms)[0m  [1m[34mSELECT `schema_migrations`.`version` FROM `schema_migrations` ORDER BY `schema_migrations`.`version` ASC[0m
  [1m[35m (0.1ms)[0m  [1m[34mSELECT GET_LOCK('6269247306950290740', 0)[0m
  [1m[35m (0.2ms)[0m  [1m[34mSELECT `schema_migrations`.`version` FROM `schema_migrations` ORDER BY `schema_migrations`.`version` ASC[0m
Migrating to CreateMenus (20210713173843)
  [1m[35m (26.4ms)[0m  [1m[35mCREATE TABLE `menus` (`id` bigint NOT NULL AUTO_INCREMENT PRIMARY KEY, `name` varchar(255), `created_at` datetime(6) NOT NULL, `updated_at` datetime(6) NOT NULL)[0m
  [1m[35m (0.1ms)[0m  [1m[35mBEGIN[0m
  [1m[36mActiveRecord::SchemaMigration Create (0.2ms)[0m  [1m[32mINSERT INTO `schema_migrations` (`version`) VALUES ('20210713173843')[0m
  [1m[35m (1.9ms)[0m  [1m[35mCOMMIT[0m
  [1m[36mActiveRecord::InternalMetadata Load (0.2ms)[0m  [1m[34mSELECT `ar_internal_metadata`.* FROM `ar_internal_metadata` WHERE `ar_internal_metadata`.`key` = 'environment' LIMIT 1[0m
  [1m[35m (0.1ms)[0m  [1m[34mSELECT RELEASE_LOCK('6269247306950290740')[0m
  [1m[35m (0.1ms)[0m  [1m[34mSELECT `schema_migrations`.`version` FROM `schema_migrations` ORDER BY `schema_migrations`.`version` ASC[0m
  [1m[35m (0.1ms)[0m  [1m[34mSELECT GET_LOCK('6269247306950290740', 0)[0m
  [1m[35m (0.1ms)[0m  [1m[34mSELECT `schema_migrations`.`version` FROM `schema_migrations` ORDER BY `schema_migrations`.`version` ASC[0m
Migrating to CreateHomeBanners (20210713173454)
  [1m[35m (1.0ms)[0m  [1m[35mCREATE TABLE `home_banners` (`id` bigint NOT NULL AUTO_INCREMENT PRIMARY KEY, `image` varchar(255), `order` int, `created_at` datetime(6) NOT NULL, `updated_at` datetime(6) NOT NULL)[0m
  [1m[35m (0.1ms)[0m  [1m[34mSELECT RELEASE_LOCK('6269247306950290740')[0m
  [1m[35m (0.1ms)[0m  [1m[34mSELECT GET_LOCK('6269247306950290740', 0)[0m
  [1m[35m (0.2ms)[0m  [1m[34mSELECT `schema_migrations`.`version` FROM `schema_migrations` ORDER BY `schema_migrations`.`version` ASC[0m
Migrating to CreateHomeBanners (20210713173454)
  [1m[35m (14.8ms)[0m  [1m[35mCREATE TABLE `home_banners` (`id` bigint NOT NULL AUTO_INCREMENT PRIMARY KEY, `image` varchar(255), `order` int, `created_at` datetime(6) NOT NULL, `updated_at` datetime(6) NOT NULL)[0m
  [1m[35m (0.1ms)[0m  [1m[35mBEGIN[0m
  [1m[36mActiveRecord::SchemaMigration Create (0.2ms)[0m  [1m[32mINSERT INTO `schema_migrations` (`version`) VALUES ('20210713173454')[0m
  [1m[35m (3.2ms)[0m  [1m[35mCOMMIT[0m
  [1m[36mActiveRecord::InternalMetadata Load (0.2ms)[0m  [1m[34mSELECT `ar_internal_metadata`.* FROM `ar_internal_metadata` WHERE `ar_internal_metadata`.`key` = 'environment' LIMIT 1[0m
  [1m[35m (0.1ms)[0m  [1m[34mSELECT RELEASE_LOCK('6269247306950290740')[0m
  [1m[35m (0.2ms)[0m  [1m[34mSELECT `schema_migrations`.`version` FROM `schema_migrations` ORDER BY `schema_migrations`.`version` ASC[0m
  [1m[35m (0.1ms)[0m  [1m[34mSELECT GET_LOCK('6269247306950290740', 0)[0m
  [1m[35m (0.1ms)[0m  [1m[34mSELECT `schema_migrations`.`version` FROM `schema_migrations` ORDER BY `schema_migrations`.`version` ASC[0m
Migrating to AddReferenceToMenuContents (20210713193627)
  [1m[35m (16.1ms)[0m  [1m[35mALTER TABLE `menu_contents` ADD `id_menus_id` bigint NOT NULL[0m
  [1m[35m (9.2ms)[0m  [1m[35mCREATE  INDEX `index_menu_contents_on_id_menus_id`  ON `menu_contents` (`id_menus_id`) [0m
  [1m[35m (0.6ms)[0m  [1m[35mALTER TABLE `menu_contents` ADD CONSTRAINT `fk_rails_d52e28acfb`
FOREIGN KEY (`id_menus_id`)
  REFERENCES `id_menus` (`id`)
[0m
  [1m[35m (0.4ms)[0m  [1m[34mSELECT RELEASE_LOCK('6269247306950290740')[0m
  [1m[35m (0.1ms)[0m  [1m[34mSELECT GET_LOCK('6269247306950290740', 0)[0m
  [1m[35m (0.2ms)[0m  [1m[34mSELECT `schema_migrations`.`version` FROM `schema_migrations` ORDER BY `schema_migrations`.`version` ASC[0m
Migrating to AddReferenceToMenuContents (20210713193627)
  [1m[35m (15.5ms)[0m  [1m[35mALTER TABLE `menu_contents` ADD `menus_id_id` bigint NOT NULL[0m
  [1m[35m (10.5ms)[0m  [1m[35mCREATE  INDEX `index_menu_contents_on_menus_id_id`  ON `menu_contents` (`menus_id_id`) [0m
  [1m[35m (0.7ms)[0m  [1m[35mALTER TABLE `menu_contents` ADD CONSTRAINT `fk_rails_0561d48cd5`
FOREIGN KEY (`menus_id_id`)
  REFERENCES `menus_ids` (`id`)
[0m
  [1m[35m (0.4ms)[0m  [1m[34mSELECT RELEASE_LOCK('6269247306950290740')[0m
  [1m[35m (0.2ms)[0m  [1m[34mSELECT GET_LOCK('6269247306950290740', 0)[0m
  [1m[35m (0.2ms)[0m  [1m[34mSELECT `schema_migrations`.`version` FROM `schema_migrations` ORDER BY `schema_migrations`.`version` ASC[0m
Migrating to CreateContacts (20210713173409)
  [1m[35m (14.5ms)[0m  [1m[35mCREATE TABLE `contacts` (`id` bigint NOT NULL AUTO_INCREMENT PRIMARY KEY, `name` varchar(255), `direccion` varchar(255), `edificio` varchar(255), `ciudad` varchar(255), `telefono` varchar(255), `email` varchar(255), `created_at` datetime(6) NOT NULL, `updated_at` datetime(6) NOT NULL)[0m
  [1m[35m (0.2ms)[0m  [1m[35mBEGIN[0m
  [1m[36mActiveRecord::SchemaMigration Create (0.6ms)[0m  [1m[32mINSERT INTO `schema_migrations` (`version`) VALUES ('20210713173409')[0m
  [1m[35m (1.8ms)[0m  [1m[35mCOMMIT[0m
Migrating to CreateHomeBanners (20210713173454)
  [1m[35m (11.1ms)[0m  [1m[35mCREATE TABLE `home_banners` (`id` bigint NOT NULL AUTO_INCREMENT PRIMARY KEY, `image` varchar(255), `order` int, `created_at` datetime(6) NOT NULL, `updated_at` datetime(6) NOT NULL)[0m
  [1m[35m (0.2ms)[0m  [1m[35mBEGIN[0m
  [1m[36mActiveRecord::SchemaMigration Create (0.7ms)[0m  [1m[32mINSERT INTO `schema_migrations` (`version`) VALUES ('20210713173454')[0m
  [1m[35m (0.9ms)[0m  [1m[35mCOMMIT[0m
Migrating to CreateMenus (20210713173843)
  [1m[35m (8.1ms)[0m  [1m[35mCREATE TABLE `menus` (`id` bigint NOT NULL AUTO_INCREMENT PRIMARY KEY, `name` varchar(255), `created_at` datetime(6) NOT NULL, `updated_at` datetime(6) NOT NULL)[0m
  [1m[35m (0.2ms)[0m  [1m[35mBEGIN[0m
  [1m[36mActiveRecord::SchemaMigration Create (0.3ms)[0m  [1m[32mINSERT INTO `schema_migrations` (`version`) VALUES ('20210713173843')[0m
  [1m[35m (1.3ms)[0m  [1m[35mCOMMIT[0m
Migrating to CreateMenuContents (20210713173936)
  [1m[35m (8.6ms)[0m  [1m[35mCREATE TABLE `menu_contents` (`id` bigint NOT NULL AUTO_INCREMENT PRIMARY KEY, `texto` text, `image` varchar(255), `created_at` datetime(6) NOT NULL, `updated_at` datetime(6) NOT NULL)[0m
  [1m[35m (0.2ms)[0m  [1m[35mBEGIN[0m
  [1m[36mActiveRecord::SchemaMigration Create (0.5ms)[0m  [1m[32mINSERT INTO `schema_migrations` (`version`) VALUES ('20210713173936')[0m
  [1m[35m (1.4ms)[0m  [1m[35mCOMMIT[0m
  [1m[36mActiveRecord::InternalMetadata Load (0.3ms)[0m  [1m[34mSELECT `ar_internal_metadata`.* FROM `ar_internal_metadata` WHERE `ar_internal_metadata`.`key` = 'environment' LIMIT 1[0m
  [1m[35m (0.3ms)[0m  [1m[34mSELECT RELEASE_LOCK('6269247306950290740')[0m
  [1m[35m (0.5ms)[0m  [1m[34mSELECT `schema_migrations`.`version` FROM `schema_migrations` ORDER BY `schema_migrations`.`version` ASC[0m
